2013/04/21 23:41:33 [error] [exception.CDbException] exception 'CDbException' with message 'CDbConnection failed to open the DB connection: SQLSTATE[HY000] [1049] Unknown database 'testdrive'' in C:\xampp\htdocs\yii\framework\db\CDbConnection.php:381
Stack trace:
#0 C:\xampp\htdocs\yii\framework\db\CDbConnection.php(330): CDbConnection->open()
#1 C:\xampp\htdocs\yii\framework\db\CDbConnection.php(308): CDbConnection->setActive(true)
#2 C:\xampp\htdocs\yii\framework\base\CModule.php(387): CDbConnection->init()
#3 C:\xampp\htdocs\yii\framework\base\CModule.php(103): CModule->getComponent('db')
#4 C:\xampp\htdocs\yii\framework\gii\generators\model\ModelCode.php(57): CModule->__get('db')
#5 C:\xampp\htdocs\yii\framework\web\CFormModel.php(39): ModelCode->init()
#6 C:\xampp\htdocs\yii\framework\gii\CCodeGenerator.php(153): CFormModel->__construct()
#7 C:\xampp\htdocs\yii\framework\gii\CCodeGenerator.php(63): CCodeGenerator->prepare()
#8 C:\xampp\htdocs\yii\framework\web\actions\CInlineAction.php(49): CCodeGenerator->actionIndex()
#9 C:\xampp\htdocs\yii\framework\web\CController.php(308): CInlineAction->runWithParams(Array)
#10 C:\xampp\htdocs\yii\framework\web\CController.php(286): CController->runAction(Object(CInlineAction))
#11 C:\xampp\htdocs\yii\framework\web\CController.php(265): CController->runActionWithFilters(Object(CInlineAction), Array)
#12 C:\xampp\htdocs\yii\framework\web\CWebApplication.php(282): CController->run('')
#13 C:\xampp\htdocs\yii\framework\web\CWebApplication.php(141): CWebApplication->runController('gii/model')
#14 C:\xampp\htdocs\yii\framework\base\CApplication.php(169): CWebApplication->processRequest()
#15 C:\xampp\htdocs\YiiMS\index.php(13): CApplication->run()
#16 {main}
REQUEST_URI=/Yiims/index.php/gii/model
HTTP_REFERER=http://localhost/Yiims/index.php/gii/default/index
---
2013/04/22 00:02:27 [error] [php] include(normalizeTags.php): failed to open stream: No such file or directory (C:\xampp\htdocs\yii\framework\YiiBase.php:421)
Stack trace:
#0 C:\xampp\htdocs\yii\framework\validators\CValidator.php(186): import()
#1 C:\xampp\htdocs\yii\framework\base\CModel.php(286): createValidator()
#2 C:\xampp\htdocs\yii\framework\base\CModel.php(260): Post->createValidators()
#3 C:\xampp\htdocs\yii\framework\base\CModel.php(303): Post->getValidators()
#4 C:\xampp\htdocs\yii\framework\web\helpers\CHtml.php(1237): Post->isAttributeRequired()
#5 C:\xampp\htdocs\yii\framework\web\widgets\CActiveForm.php(562): activeLabelEx()
#6 C:\xampp\htdocs\YiiMS\protected\views\post\_form.php(19): CActiveForm->labelEx()
#7 C:\xampp\htdocs\yii\framework\web\CBaseController.php(126): require()
#8 C:\xampp\htdocs\yii\framework\web\CBaseController.php(95): PostController->renderInternal()
#9 C:\xampp\htdocs\yii\framework\web\CController.php(869): PostController->renderFile()
#10 C:\xampp\htdocs\YiiMS\protected\views\post\create.php(18): PostController->renderPartial()
#11 C:\xampp\htdocs\yii\framework\web\CBaseController.php(126): require()
#12 C:\xampp\htdocs\yii\framework\web\CBaseController.php(95): PostController->renderInternal()
#13 C:\xampp\htdocs\yii\framework\web\CController.php(869): PostController->renderFile()
#14 C:\xampp\htdocs\yii\framework\web\CController.php(782): PostController->renderPartial()
#15 C:\xampp\htdocs\YiiMS\protected\controllers\PostController.php(79): PostController->render()
#16 C:\xampp\htdocs\yii\framework\web\actions\CInlineAction.php(49): PostController->actionCreate()
#17 C:\xampp\htdocs\yii\framework\web\CController.php(308): CInlineAction->runWithParams()
#18 C:\xampp\htdocs\yii\framework\web\filters\CFilterChain.php(133): PostController->runAction()
#19 C:\xampp\htdocs\yii\framework\web\filters\CFilter.php(40): CFilterChain->run()
#20 C:\xampp\htdocs\yii\framework\web\CController.php(1145): CAccessControlFilter->filter()
#21 C:\xampp\htdocs\yii\framework\web\filters\CInlineFilter.php(58): PostController->filterAccessControl()
#22 C:\xampp\htdocs\yii\framework\web\filters\CFilterChain.php(130): CInlineFilter->filter()
#23 C:\xampp\htdocs\yii\framework\web\CController.php(291): CFilterChain->run()
#24 C:\xampp\htdocs\yii\framework\web\CController.php(265): PostController->runActionWithFilters()
#25 C:\xampp\htdocs\yii\framework\web\CWebApplication.php(282): PostController->run()
#26 C:\xampp\htdocs\yii\framework\web\CWebApplication.php(141): CWebApplication->runController()
#27 C:\xampp\htdocs\yii\framework\base\CApplication.php(169): CWebApplication->processRequest()
#28 C:\xampp\htdocs\YiiMS\index.php(13): CWebApplication->run()
REQUEST_URI=/Yiims/index.php/post/create
in C:\xampp\htdocs\YiiMS\protected\views\post\_form.php (19)
in C:\xampp\htdocs\YiiMS\protected\views\post\create.php (18)
in C:\xampp\htdocs\YiiMS\protected\controllers\PostController.php (79)
2013/04/22 00:35:49 [error] [exception.CHttpException.404] exception 'CHttpException' with message 'The requested page does not exist.' in C:\xampp\htdocs\YiiMS\protected\controllers\PostController.php:179
Stack trace:
#0 C:\xampp\htdocs\YiiMS\protected\controllers\PostController.php(49): PostController->loadModel()
#1 C:\xampp\htdocs\yii\framework\web\actions\CInlineAction.php(49): PostController->actionView()
#2 C:\xampp\htdocs\yii\framework\web\CController.php(308): CInlineAction->runWithParams(Array)
#3 C:\xampp\htdocs\yii\framework\web\filters\CFilterChain.php(133): CController->runAction(Object(CInlineAction))
#4 C:\xampp\htdocs\yii\framework\web\filters\CFilter.php(40): CFilterChain->run()
#5 C:\xampp\htdocs\yii\framework\web\CController.php(1145): CFilter->filter(Object(CFilterChain))
#6 C:\xampp\htdocs\yii\framework\web\filters\CInlineFilter.php(58): CController->filterAccessControl(Object(CFilterChain))
#7 C:\xampp\htdocs\yii\framework\web\filters\CFilterChain.php(130): CInlineFilter->filter(Object(CFilterChain))
#8 C:\xampp\htdocs\yii\framework\web\CController.php(291): CFilterChain->run()
#9 C:\xampp\htdocs\yii\framework\web\CController.php(265): CController->runActionWithFilters(Object(CInlineAction), Array)
#10 C:\xampp\htdocs\yii\framework\web\CWebApplication.php(282): CController->run('view')
#11 C:\xampp\htdocs\yii\framework\web\CWebApplication.php(141): CWebApplication->runController('post/view')
#12 C:\xampp\htdocs\yii\framework\base\CApplication.php(169): CWebApplication->processRequest()
#13 C:\xampp\htdocs\YiiMS\index.php(13): CApplication->run()
#14 {main}
REQUEST_URI=/Yiims/index.php/post/view
---
2013/04/22 00:35:53 [error] [exception.CHttpException.404] exception 'CHttpException' with message 'The system is unable to find the requested action "_view".' in C:\xampp\htdocs\yii\framework\web\CController.php:483
Stack trace:
#0 C:\xampp\htdocs\yii\framework\web\CController.php(270): CController->missingAction('_view')
#1 C:\xampp\htdocs\yii\framework\web\CWebApplication.php(282): CController->run('_view')
#2 C:\xampp\htdocs\yii\framework\web\CWebApplication.php(141): CWebApplication->runController('post/_view')
#3 C:\xampp\htdocs\yii\framework\base\CApplication.php(169): CWebApplication->processRequest()
#4 C:\xampp\htdocs\YiiMS\index.php(13): CApplication->run()
#5 {main}
REQUEST_URI=/Yiims/index.php/post/_view
---
2013/04/22 00:51:06 [error] [exception.CHttpException.404] exception 'CHttpException' with message 'The requested page does not exist.' in C:\xampp\htdocs\YiiMS\protected\controllers\PostController.php:204
Stack trace:
#0 C:\xampp\htdocs\YiiMS\protected\controllers\PostController.php(49): PostController->loadModel()
#1 C:\xampp\htdocs\yii\framework\web\actions\CInlineAction.php(49): PostController->actionView()
#2 C:\xampp\htdocs\yii\framework\web\CController.php(308): CInlineAction->runWithParams(Array)
#3 C:\xampp\htdocs\yii\framework\web\filters\CFilterChain.php(133): CController->runAction(Object(CInlineAction))
#4 C:\xampp\htdocs\yii\framework\web\filters\CFilter.php(40): CFilterChain->run()
#5 C:\xampp\htdocs\yii\framework\web\CController.php(1145): CFilter->filter(Object(CFilterChain))
#6 C:\xampp\htdocs\yii\framework\web\filters\CInlineFilter.php(58): CController->filterAccessControl(Object(CFilterChain))
#7 C:\xampp\htdocs\yii\framework\web\filters\CFilterChain.php(130): CInlineFilter->filter(Object(CFilterChain))
#8 C:\xampp\htdocs\yii\framework\web\CController.php(291): CFilterChain->run()
#9 C:\xampp\htdocs\yii\framework\web\CController.php(265): CController->runActionWithFilters(Object(CInlineAction), Array)
#10 C:\xampp\htdocs\yii\framework\web\CWebApplication.php(282): CController->run('view')
#11 C:\xampp\htdocs\yii\framework\web\CWebApplication.php(141): CWebApplication->runController('post/view')
#12 C:\xampp\htdocs\yii\framework\base\CApplication.php(169): CWebApplication->processRequest()
#13 C:\xampp\htdocs\YiiMS\index.php(13): CApplication->run()
#14 {main}
REQUEST_URI=/Yiims/index.php/post/view
---
2013/04/22 00:56:02 [warning] [application] Failed to set unsafe attribute "status" of "Comment".
in C:\xampp\htdocs\YiiMS\protected\controllers\PostController.php (67)
in C:\xampp\htdocs\YiiMS\protected\controllers\PostController.php (50)
in C:\xampp\htdocs\YiiMS\index.php (13)
2013/04/22 00:56:02 [warning] [application] Failed to set unsafe attribute "create_time" of "Comment".
in C:\xampp\htdocs\YiiMS\protected\controllers\PostController.php (67)
in C:\xampp\htdocs\YiiMS\protected\controllers\PostController.php (50)
in C:\xampp\htdocs\YiiMS\index.php (13)
2013/04/22 00:56:02 [warning] [application] Failed to set unsafe attribute "post_id" of "Comment".
in C:\xampp\htdocs\YiiMS\protected\controllers\PostController.php (67)
in C:\xampp\htdocs\YiiMS\protected\controllers\PostController.php (50)
in C:\xampp\htdocs\YiiMS\index.php (13)
2013/04/22 01:09:03 [error] [exception.CException] exception 'CException' with message 'Property "Comment.pendingCommentCount" is not defined.' in C:\xampp\htdocs\yii\framework\base\CComponent.php:130
Stack trace:
#0 C:\xampp\htdocs\yii\framework\db\ar\CActiveRecord.php(143): CComponent->__get('pendingCommentC...')
#1 C:\xampp\htdocs\YiiMS\protected\components\views\UserMenu.php(5): CActiveRecord->__get('pendingCommentC...')
#2 C:\xampp\htdocs\yii\framework\web\CBaseController.php(130): require('C:\xampp\htdocs...')
#3 C:\xampp\htdocs\yii\framework\web\CBaseController.php(95): CBaseController->renderInternal('C:\xampp\htdocs...', NULL, false)
#4 C:\xampp\htdocs\yii\framework\web\widgets\CWidget.php(243): CBaseController->renderFile('C:\xampp\htdocs...', NULL, false)
#5 C:\xampp\htdocs\YiiMS\protected\components\UserMenu.php(20): CWidget->render('userMenu')
#6 C:\xampp\htdocs\yii\framework\zii\widgets\CPortlet.php(94): UserMenu->renderContent()
#7 C:\xampp\htdocs\yii\framework\web\CBaseController.php(173): CPortlet->run()
#8 C:\xampp\htdocs\YiiMS\protected\views\layouts\column2.php(10): CBaseController->widget('UserMenu')
#9 C:\xampp\htdocs\yii\framework\web\CBaseController.php(126): require('C:\xampp\htdocs...')
#10 C:\xampp\htdocs\yii\framework\web\CBaseController.php(95): CBaseController->renderInternal('C:\xampp\htdocs...', Array, true)
#11 C:\xampp\htdocs\yii\framework\web\CController.php(784): CBaseController->renderFile('C:\xampp\htdocs...', Array, true)
#12 C:\xampp\htdocs\YiiMS\protected\controllers\PostController.php(172): CController->render('index', Array)
#13 C:\xampp\htdocs\yii\framework\web\actions\CInlineAction.php(49): PostController->actionIndex()
#14 C:\xampp\htdocs\yii\framework\web\CController.php(308): CInlineAction->runWithParams(Array)
#15 C:\xampp\htdocs\yii\framework\web\filters\CFilterChain.php(133): CController->runAction(Object(CInlineAction))
#16 C:\xampp\htdocs\yii\framework\web\filters\CFilter.php(40): CFilterChain->run()
#17 C:\xampp\htdocs\yii\framework\web\CController.php(1145): CFilter->filter(Object(CFilterChain))
#18 C:\xampp\htdocs\yii\framework\web\filters\CInlineFilter.php(58): CController->filterAccessControl(Object(CFilterChain))
#19 C:\xampp\htdocs\yii\framework\web\filters\CFilterChain.php(130): CInlineFilter->filter(Object(CFilterChain))
#20 C:\xampp\htdocs\yii\framework\web\CController.php(291): CFilterChain->run()
#21 C:\xampp\htdocs\yii\framework\web\CController.php(265): CController->runActionWithFilters(Object(CInlineAction), Array)
#22 C:\xampp\htdocs\yii\framework\web\CWebApplication.php(282): CController->run('')
#23 C:\xampp\htdocs\yii\framework\web\CWebApplication.php(141): CWebApplication->runController('post')
#24 C:\xampp\htdocs\yii\framework\base\CApplication.php(169): CWebApplication->processRequest()
#25 C:\xampp\htdocs\YiiMS\index.php(13): CApplication->run()
#26 {main}
REQUEST_URI=/Yiims/index.php/post
---
2013/04/22 01:09:32 [error] [exception.CException] exception 'CException' with message 'Property "Comment.pendingCommentCount" is not defined.' in C:\xampp\htdocs\yii\framework\base\CComponent.php:130
Stack trace:
#0 C:\xampp\htdocs\yii\framework\db\ar\CActiveRecord.php(143): CComponent->__get('pendingCommentC...')
#1 C:\xampp\htdocs\YiiMS\protected\components\views\UserMenu.php(5): CActiveRecord->__get('pendingCommentC...')
#2 C:\xampp\htdocs\yii\framework\web\CBaseController.php(130): require('C:\xampp\htdocs...')
#3 C:\xampp\htdocs\yii\framework\web\CBaseController.php(95): CBaseController->renderInternal('C:\xampp\htdocs...', NULL, false)
#4 C:\xampp\htdocs\yii\framework\web\widgets\CWidget.php(243): CBaseController->renderFile('C:\xampp\htdocs...', NULL, false)
#5 C:\xampp\htdocs\YiiMS\protected\components\UserMenu.php(20): CWidget->render('userMenu')
#6 C:\xampp\htdocs\yii\framework\zii\widgets\CPortlet.php(94): UserMenu->renderContent()
#7 C:\xampp\htdocs\yii\framework\web\CBaseController.php(173): CPortlet->run()
#8 C:\xampp\htdocs\YiiMS\protected\views\layouts\column2.php(10): CBaseController->widget('UserMenu')
#9 C:\xampp\htdocs\yii\framework\web\CBaseController.php(126): require('C:\xampp\htdocs...')
#10 C:\xampp\htdocs\yii\framework\web\CBaseController.php(95): CBaseController->renderInternal('C:\xampp\htdocs...', Array, true)
#11 C:\xampp\htdocs\yii\framework\web\CController.php(784): CBaseController->renderFile('C:\xampp\htdocs...', Array, true)
#12 C:\xampp\htdocs\YiiMS\protected\controllers\PostController.php(172): CController->render('index', Array)
#13 C:\xampp\htdocs\yii\framework\web\actions\CInlineAction.php(49): PostController->actionIndex()
#14 C:\xampp\htdocs\yii\framework\web\CController.php(308): CInlineAction->runWithParams(Array)
#15 C:\xampp\htdocs\yii\framework\web\filters\CFilterChain.php(133): CController->runAction(Object(CInlineAction))
#16 C:\xampp\htdocs\yii\framework\web\filters\CFilter.php(40): CFilterChain->run()
#17 C:\xampp\htdocs\yii\framework\web\CController.php(1145): CFilter->filter(Object(CFilterChain))
#18 C:\xampp\htdocs\yii\framework\web\filters\CInlineFilter.php(58): CController->filterAccessControl(Object(CFilterChain))
#19 C:\xampp\htdocs\yii\framework\web\filters\CFilterChain.php(130): CInlineFilter->filter(Object(CFilterChain))
#20 C:\xampp\htdocs\yii\framework\web\CController.php(291): CFilterChain->run()
#21 C:\xampp\htdocs\yii\framework\web\CController.php(265): CController->runActionWithFilters(Object(CInlineAction), Array)
#22 C:\xampp\htdocs\yii\framework\web\CWebApplication.php(282): CController->run('index')
#23 C:\xampp\htdocs\yii\framework\web\CWebApplication.php(141): CWebApplication->runController('post/index')
#24 C:\xampp\htdocs\yii\framework\base\CApplication.php(169): CWebApplication->processRequest()
#25 C:\xampp\htdocs\YiiMS\index.php(13): CApplication->run()
#26 {main}
REQUEST_URI=/Yiims/index.php/post/index
---
2013/04/22 01:09:36 [error] [exception.CException] exception 'CException' with message 'Property "Comment.pendingCommentCount" is not defined.' in C:\xampp\htdocs\yii\framework\base\CComponent.php:130
Stack trace:
#0 C:\xampp\htdocs\yii\framework\db\ar\CActiveRecord.php(143): CComponent->__get('pendingCommentC...')
#1 C:\xampp\htdocs\YiiMS\protected\components\views\UserMenu.php(5): CActiveRecord->__get('pendingCommentC...')
#2 C:\xampp\htdocs\yii\framework\web\CBaseController.php(130): require('C:\xampp\htdocs...')
#3 C:\xampp\htdocs\yii\framework\web\CBaseController.php(95): CBaseController->renderInternal('C:\xampp\htdocs...', NULL, false)
#4 C:\xampp\htdocs\yii\framework\web\widgets\CWidget.php(243): CBaseController->renderFile('C:\xampp\htdocs...', NULL, false)
#5 C:\xampp\htdocs\YiiMS\protected\components\UserMenu.php(20): CWidget->render('userMenu')
#6 C:\xampp\htdocs\yii\framework\zii\widgets\CPortlet.php(94): UserMenu->renderContent()
#7 C:\xampp\htdocs\yii\framework\web\CBaseController.php(173): CPortlet->run()
#8 C:\xampp\htdocs\YiiMS\protected\views\layouts\column2.php(10): CBaseController->widget('UserMenu')
#9 C:\xampp\htdocs\yii\framework\web\CBaseController.php(126): require('C:\xampp\htdocs...')
#10 C:\xampp\htdocs\yii\framework\web\CBaseController.php(95): CBaseController->renderInternal('C:\xampp\htdocs...', Array, true)
#11 C:\xampp\htdocs\yii\framework\web\CController.php(784): CBaseController->renderFile('C:\xampp\htdocs...', Array, true)
#12 C:\xampp\htdocs\YiiMS\protected\controllers\PostController.php(172): CController->render('index', Array)
#13 C:\xampp\htdocs\yii\framework\web\actions\CInlineAction.php(49): PostController->actionIndex()
#14 C:\xampp\htdocs\yii\framework\web\CController.php(308): CInlineAction->runWithParams(Array)
#15 C:\xampp\htdocs\yii\framework\web\filters\CFilterChain.php(133): CController->runAction(Object(CInlineAction))
#16 C:\xampp\htdocs\yii\framework\web\filters\CFilter.php(40): CFilterChain->run()
#17 C:\xampp\htdocs\yii\framework\web\CController.php(1145): CFilter->filter(Object(CFilterChain))
#18 C:\xampp\htdocs\yii\framework\web\filters\CInlineFilter.php(58): CController->filterAccessControl(Object(CFilterChain))
#19 C:\xampp\htdocs\yii\framework\web\filters\CFilterChain.php(130): CInlineFilter->filter(Object(CFilterChain))
#20 C:\xampp\htdocs\yii\framework\web\CController.php(291): CFilterChain->run()
#21 C:\xampp\htdocs\yii\framework\web\CController.php(265): CController->runActionWithFilters(Object(CInlineAction), Array)
#22 C:\xampp\htdocs\yii\framework\web\CWebApplication.php(282): CController->run('')
#23 C:\xampp\htdocs\yii\framework\web\CWebApplication.php(141): CWebApplication->runController('post')
#24 C:\xampp\htdocs\yii\framework\base\CApplication.php(169): CWebApplication->processRequest()
#25 C:\xampp\htdocs\YiiMS\index.php(13): CApplication->run()
#26 {main}
REQUEST_URI=/Yiims/index.php/post
---
2013/04/22 01:21:30 [error] [exception.CException] exception 'CException' with message 'Tag and its behaviors do not have a method or closure named "findTagWeights".' in C:\xampp\htdocs\yii\framework\base\CComponent.php:265
Stack trace:
#0 C:\xampp\htdocs\yii\framework\db\ar\CActiveRecord.php(225): CComponent->__call('findTagWeights', Array)
#1 C:\xampp\htdocs\YiiMS\protected\components\tagCloud.php(17): CActiveRecord->__call('findTagWeights', Array)
#2 C:\xampp\htdocs\YiiMS\protected\components\tagCloud.php(17): Tag->findTagWeights(NULL)
#3 C:\xampp\htdocs\yii\framework\zii\widgets\CPortlet.php(94): TagCloud->renderContent()
#4 C:\xampp\htdocs\yii\framework\web\CBaseController.php(173): CPortlet->run()
#5 C:\xampp\htdocs\YiiMS\protected\views\layouts\column2.php(14): CBaseController->widget('TagCloud', Array)
#6 C:\xampp\htdocs\yii\framework\web\CBaseController.php(126): require('C:\xampp\htdocs...')
#7 C:\xampp\htdocs\yii\framework\web\CBaseController.php(95): CBaseController->renderInternal('C:\xampp\htdocs...', Array, true)
#8 C:\xampp\htdocs\yii\framework\web\CController.php(784): CBaseController->renderFile('C:\xampp\htdocs...', Array, true)
#9 C:\xampp\htdocs\YiiMS\protected\controllers\PostController.php(172): CController->render('index', Array)
#10 C:\xampp\htdocs\yii\framework\web\actions\CInlineAction.php(49): PostController->actionIndex()
#11 C:\xampp\htdocs\yii\framework\web\CController.php(308): CInlineAction->runWithParams(Array)
#12 C:\xampp\htdocs\yii\framework\web\filters\CFilterChain.php(133): CController->runAction(Object(CInlineAction))
#13 C:\xampp\htdocs\yii\framework\web\filters\CFilter.php(40): CFilterChain->run()
#14 C:\xampp\htdocs\yii\framework\web\CController.php(1145): CFilter->filter(Object(CFilterChain))
#15 C:\xampp\htdocs\yii\framework\web\filters\CInlineFilter.php(58): CController->filterAccessControl(Object(CFilterChain))
#16 C:\xampp\htdocs\yii\framework\web\filters\CFilterChain.php(130): CInlineFilter->filter(Object(CFilterChain))
#17 C:\xampp\htdocs\yii\framework\web\CController.php(291): CFilterChain->run()
#18 C:\xampp\htdocs\yii\framework\web\CController.php(265): CController->runActionWithFilters(Object(CInlineAction), Array)
#19 C:\xampp\htdocs\yii\framework\web\CWebApplication.php(282): CController->run('index')
#20 C:\xampp\htdocs\yii\framework\web\CWebApplication.php(141): CWebApplication->runController('post/index')
#21 C:\xampp\htdocs\yii\framework\base\CApplication.php(169): CWebApplication->processRequest()
#22 C:\xampp\htdocs\YiiMS\index.php(13): CApplication->run()
#23 {main}
REQUEST_URI=/Yiims/index.php/post/index
---
2013/04/22 01:30:43 [error] [exception.CException] exception 'CException' with message 'Property "Comment.authorLink" is not defined.' in C:\xampp\htdocs\yii\framework\base\CComponent.php:130
Stack trace:
#0 C:\xampp\htdocs\yii\framework\db\ar\CActiveRecord.php(143): CComponent->__get('authorLink')
#1 C:\xampp\htdocs\YiiMS\protected\components\views\recentComments.php(3): CActiveRecord->__get('authorLink')
#2 C:\xampp\htdocs\yii\framework\web\CBaseController.php(130): require('C:\xampp\htdocs...')
#3 C:\xampp\htdocs\yii\framework\web\CBaseController.php(95): CBaseController->renderInternal('C:\xampp\htdocs...', NULL, false)
#4 C:\xampp\htdocs\yii\framework\web\widgets\CWidget.php(243): CBaseController->renderFile('C:\xampp\htdocs...', NULL, false)
#5 C:\xampp\htdocs\YiiMS\protected\components\RecentComments.php(16): CWidget->render('recentComments')
#6 C:\xampp\htdocs\yii\framework\zii\widgets\CPortlet.php(94): RecentComments->renderContent()
#7 C:\xampp\htdocs\yii\framework\web\CBaseController.php(173): CPortlet->run()
#8 C:\xampp\htdocs\YiiMS\protected\views\layouts\column2.php(18): CBaseController->widget('RecentComments', Array)
#9 C:\xampp\htdocs\yii\framework\web\CBaseController.php(126): require('C:\xampp\htdocs...')
#10 C:\xampp\htdocs\yii\framework\web\CBaseController.php(95): CBaseController->renderInternal('C:\xampp\htdocs...', Array, true)
#11 C:\xampp\htdocs\yii\framework\web\CController.php(784): CBaseController->renderFile('C:\xampp\htdocs...', Array, true)
#12 C:\xampp\htdocs\YiiMS\protected\controllers\PostController.php(172): CController->render('index', Array)
#13 C:\xampp\htdocs\yii\framework\web\actions\CInlineAction.php(49): PostController->actionIndex()
#14 C:\xampp\htdocs\yii\framework\web\CController.php(308): CInlineAction->runWithParams(Array)
#15 C:\xampp\htdocs\yii\framework\web\filters\CFilterChain.php(133): CController->runAction(Object(CInlineAction))
#16 C:\xampp\htdocs\yii\framework\web\filters\CFilter.php(40): CFilterChain->run()
#17 C:\xampp\htdocs\yii\framework\web\CController.php(1145): CFilter->filter(Object(CFilterChain))
#18 C:\xampp\htdocs\yii\framework\web\filters\CInlineFilter.php(58): CController->filterAccessControl(Object(CFilterChain))
#19 C:\xampp\htdocs\yii\framework\web\filters\CFilterChain.php(130): CInlineFilter->filter(Object(CFilterChain))
#20 C:\xampp\htdocs\yii\framework\web\CController.php(291): CFilterChain->run()
#21 C:\xampp\htdocs\yii\framework\web\CController.php(265): CController->runActionWithFilters(Object(CInlineAction), Array)
#22 C:\xampp\htdocs\yii\framework\web\CWebApplication.php(282): CController->run('index')
#23 C:\xampp\htdocs\yii\framework\web\CWebApplication.php(141): CWebApplication->runController('post/index')
#24 C:\xampp\htdocs\yii\framework\base\CApplication.php(169): CWebApplication->processRequest()
#25 C:\xampp\htdocs\YiiMS\index.php(13): CApplication->run()
#26 {main}
REQUEST_URI=/Yiims/index.php/post/index
---
2013/04/22 01:33:11 [error] [exception.CException] exception 'CException' with message 'Comment and its behaviors do not have a method or closure named "getUrl".' in C:\xampp\htdocs\yii\framework\base\CComponent.php:265
Stack trace:
#0 C:\xampp\htdocs\yii\framework\db\ar\CActiveRecord.php(225): CComponent->__call('getUrl', Array)
#1 C:\xampp\htdocs\YiiMS\protected\components\views\recentComments.php(4): CActiveRecord->__call('getUrl', Array)
#2 C:\xampp\htdocs\YiiMS\protected\components\views\recentComments.php(4): Comment->getUrl()
#3 C:\xampp\htdocs\yii\framework\web\CBaseController.php(130): require('C:\xampp\htdocs...')
#4 C:\xampp\htdocs\yii\framework\web\CBaseController.php(95): CBaseController->renderInternal('C:\xampp\htdocs...', NULL, false)
#5 C:\xampp\htdocs\yii\framework\web\widgets\CWidget.php(243): CBaseController->renderFile('C:\xampp\htdocs...', NULL, false)
#6 C:\xampp\htdocs\YiiMS\protected\components\RecentComments.php(16): CWidget->render('recentComments')
#7 C:\xampp\htdocs\yii\framework\zii\widgets\CPortlet.php(94): RecentComments->renderContent()
#8 C:\xampp\htdocs\yii\framework\web\CBaseController.php(173): CPortlet->run()
#9 C:\xampp\htdocs\YiiMS\protected\views\layouts\column2.php(18): CBaseController->widget('RecentComments', Array)
#10 C:\xampp\htdocs\yii\framework\web\CBaseController.php(126): require('C:\xampp\htdocs...')
#11 C:\xampp\htdocs\yii\framework\web\CBaseController.php(95): CBaseController->renderInternal('C:\xampp\htdocs...', Array, true)
#12 C:\xampp\htdocs\yii\framework\web\CController.php(784): CBaseController->renderFile('C:\xampp\htdocs...', Array, true)
#13 C:\xampp\htdocs\YiiMS\protected\controllers\PostController.php(172): CController->render('index', Array)
#14 C:\xampp\htdocs\yii\framework\web\actions\CInlineAction.php(49): PostController->actionIndex()
#15 C:\xampp\htdocs\yii\framework\web\CController.php(308): CInlineAction->runWithParams(Array)
#16 C:\xampp\htdocs\yii\framework\web\filters\CFilterChain.php(133): CController->runAction(Object(CInlineAction))
#17 C:\xampp\htdocs\yii\framework\web\filters\CFilter.php(40): CFilterChain->run()
#18 C:\xampp\htdocs\yii\framework\web\CController.php(1145): CFilter->filter(Object(CFilterChain))
#19 C:\xampp\htdocs\yii\framework\web\filters\CInlineFilter.php(58): CController->filterAccessControl(Object(CFilterChain))
#20 C:\xampp\htdocs\yii\framework\web\filters\CFilterChain.php(130): CInlineFilter->filter(Object(CFilterChain))
#21 C:\xampp\htdocs\yii\framework\web\CController.php(291): CFilterChain->run()
#22 C:\xampp\htdocs\yii\framework\web\CController.php(265): CController->runActionWithFilters(Object(CInlineAction), Array)
#23 C:\xampp\htdocs\yii\framework\web\CWebApplication.php(282): CController->run('index')
#24 C:\xampp\htdocs\yii\framework\web\CWebApplication.php(141): CWebApplication->runController('post/index')
#25 C:\xampp\htdocs\yii\framework\base\CApplication.php(169): CWebApplication->processRequest()
#26 C:\xampp\htdocs\YiiMS\index.php(13): CApplication->run()
#27 {main}
REQUEST_URI=/Yiims/index.php/post/index
---
2013/04/22 01:36:23 [error] [exception.CException] exception 'CException' with message 'PostController cannot find the requested view "_comments".' in C:\xampp\htdocs\yii\framework\web\CController.php:878
Stack trace:
#0 C:\xampp\htdocs\YiiMS\protected\views\post\view.php(21): CController->renderPartial('_comments', Array)
#1 C:\xampp\htdocs\yii\framework\web\CBaseController.php(126): require('C:\xampp\htdocs...')
#2 C:\xampp\htdocs\yii\framework\web\CBaseController.php(95): CBaseController->renderInternal('C:\xampp\htdocs...', Array, true)
#3 C:\xampp\htdocs\yii\framework\web\CController.php(869): CBaseController->renderFile('C:\xampp\htdocs...', Array, true)
#4 C:\xampp\htdocs\yii\framework\web\CController.php(782): CController->renderPartial('view', Array, true)
#5 C:\xampp\htdocs\YiiMS\protected\controllers\PostController.php(55): CController->render('view', Array)
#6 C:\xampp\htdocs\yii\framework\web\actions\CInlineAction.php(49): PostController->actionView()
#7 C:\xampp\htdocs\yii\framework\web\CController.php(308): CInlineAction->runWithParams(Array)
#8 C:\xampp\htdocs\yii\framework\web\filters\CFilterChain.php(133): CController->runAction(Object(CInlineAction))
#9 C:\xampp\htdocs\yii\framework\web\filters\CFilter.php(40): CFilterChain->run()
#10 C:\xampp\htdocs\yii\framework\web\CController.php(1145): CFilter->filter(Object(CFilterChain))
#11 C:\xampp\htdocs\yii\framework\web\filters\CInlineFilter.php(58): CController->filterAccessControl(Object(CFilterChain))
#12 C:\xampp\htdocs\yii\framework\web\filters\CFilterChain.php(130): CInlineFilter->filter(Object(CFilterChain))
#13 C:\xampp\htdocs\yii\framework\web\CController.php(291): CFilterChain->run()
#14 C:\xampp\htdocs\yii\framework\web\CController.php(265): CController->runActionWithFilters(Object(CInlineAction), Array)
#15 C:\xampp\htdocs\yii\framework\web\CWebApplication.php(282): CController->run('view')
#16 C:\xampp\htdocs\yii\framework\web\CWebApplication.php(141): CWebApplication->runController('post/view')
#17 C:\xampp\htdocs\yii\framework\base\CApplication.php(169): CWebApplication->processRequest()
#18 C:\xampp\htdocs\YiiMS\index.php(13): CApplication->run()
#19 {main}
REQUEST_URI=/Yiims/index.php/post/2
HTTP_REFERER=http://localhost/Yiims/index.php/post/index
---
2013/04/22 01:44:14 [error] [system.db.CDbCommand] Error in preparing SQL: DELETE FROM YiiCache WHERE expire>0 AND expire<1366587854
in C:\xampp\htdocs\YiiMS\index.php (13)
2013/04/22 01:44:14 [error] [system.db.CDbCommand] CDbCommand::execute() failed: CDbCommand failed to prepare the SQL statement: SQLSTATE[HY000]: General error: 1 no such table: YiiCache. The SQL statement executed was: DELETE FROM YiiCache WHERE expire>0 AND expire<1366587854.
in C:\xampp\htdocs\YiiMS\index.php (13)
